<?xml version="1.0" encoding="UTF-8"?>
<testng-results ignored="0" total="2" passed="2" failed="0" skipped="0">
  <reporter-output>
  </reporter-output>
  <suite started-at="2022-09-22T17:34:36 IST" name="Suite" finished-at="2022-09-22T17:34:51 IST" duration-ms="15382">
    <groups>
    </groups>
    <test started-at="2022-09-22T17:34:36 IST" name="Test" finished-at="2022-09-22T17:34:51 IST" duration-ms="15382">
      <class name="TestNg.Singup">
        <test-method is-config="true" signature="setup()[pri:0, instance:TestNg.Singup@6f1de4c7]" started-at="2022-09-22T17:34:36 IST" name="setup" finished-at="2022-09-22T17:34:47 IST" duration-ms="11533" status="PASS">
          <reporter-output>
          </reporter-output>
        </test-method> <!-- setup -->
        <test-method signature="singuppage()[pri:0, instance:TestNg.Singup@6f1de4c7]" started-at="2022-09-22T17:34:47 IST" name="singuppage" finished-at="2022-09-22T17:34:51 IST" duration-ms="3434" status="PASS">
          <reporter-output>
          </reporter-output>
        </test-method> <!-- singuppage -->
        <test-method is-config="true" signature="teardown()[pri:0, instance:TestNg.Singup@6f1de4c7]" started-at="2022-09-22T17:34:51 IST" name="teardown" finished-at="2022-09-22T17:34:51 IST" duration-ms="376" status="PASS">
          <reporter-output>
          </reporter-output>
        </test-method> <!-- teardown -->
      </class> <!-- TestNg.Singup -->
    </test> <!-- Test -->
  </suite> <!-- Suite -->
  <suite started-at="2022-09-22T17:34:36 IST" name="Suite (0)" finished-at="2022-09-22T17:34:49 IST" duration-ms="12697">
    <groups>
    </groups>
    <test started-at="2022-09-22T17:34:36 IST" name="Test" finished-at="2022-09-22T17:34:49 IST" duration-ms="12697">
      <class name="TestNg.Newwindow">
        <test-method is-config="true" signature="setup()[pri:0, instance:TestNg.Newwindow@3bf7ca37]" started-at="2022-09-22T17:34:36 IST" name="setup" finished-at="2022-09-22T17:34:48 IST" duration-ms="11828" status="PASS">
          <reporter-output>
          </reporter-output>
        </test-method> <!-- setup -->
        <test-method signature="newpart()[pri:0, instance:TestNg.Newwindow@3bf7ca37]" started-at="2022-09-22T17:34:48 IST" name="newpart" finished-at="2022-09-22T17:34:48 IST" duration-ms="493" status="PASS">
          <reporter-output>
          </reporter-output>
        </test-method> <!-- newpart -->
        <test-method is-config="true" signature="teardown()[pri:0, instance:TestNg.Newwindow@3bf7ca37]" started-at="2022-09-22T17:34:48 IST" name="teardown" finished-at="2022-09-22T17:34:49 IST" duration-ms="334" status="PASS">
          <reporter-output>
          </reporter-output>
        </test-method> <!-- teardown -->
      </class> <!-- TestNg.Newwindow -->
    </test> <!-- Test -->
  </suite> <!-- Suite (0) -->
  <suite started-at="2022-09-22T17:34:51 IST" name="megasuit" finished-at="2022-09-22T17:34:51 IST" duration-ms="0">
    <groups>
    </groups>
  </suite> <!-- megasuit -->
</testng-results>
